2014112719:29:29.608006|22987|main_logic.cpp|188|ONLINE|ONLINE|9|end
2014112719:29:40.546452|22987|login.cpp|207|LOGIN|b00300001|10.10.8.27||1|end
2014112719:29:40.546479|22987|login.cpp|208|DEVICE|b00300001||||||end
2014112719:29:40.602138|22987|lua_lib.cpp|41|GET_YB|b00300001|50|6480
2014112719:29:40.602172|22987|lua_lib.cpp|41|GET_YB|b00300001|50|6480
2014112719:29:40.602253|22987|lua_lib.cpp|41|DEPOSIT|b00300001|648|1|1
2014112719:29:47.039421|22987|lua_lib.cpp|41|GET_YB|b00300001|50|3280
2014112719:29:47.039474|22987|lua_lib.cpp|41|GET_YB|b00300001|50|600
2014112719:29:47.039540|22987|lua_lib.cpp|41|DEPOSIT|b00300001|328|1|0
2014112719:30:01.344123|22987|lua_lib.cpp|41|CAST_YB|b00300001|406|50
2014112719:30:01.812617|22987|lua_lib.cpp|41|CAST_YB|b00300001|406|50
2014112719:30:02.045151|22987|lua_lib.cpp|41|CAST_YB|b00300001|406|50
2014112719:30:02.282483|22987|lua_lib.cpp|41|CAST_YB|b00300001|406|50
2014112719:30:02.486560|22987|lua_lib.cpp|41|CAST_YB|b00300001|406|50
2014112719:30:02.745309|22987|lua_lib.cpp|41|CAST_YB|b00300001|406|50
2014112719:30:03.007068|22987|lua_lib.cpp|41|CAST_YB|b00300001|406|50
2014112719:30:03.401457|22987|lua_lib.cpp|41|CAST_YB|b00300001|406|50
2014112719:30:03.850672|22987|lua_lib.cpp|41|CAST_YB|b00300001|406|50
2014112719:30:04.287315|22987|lua_lib.cpp|41|CAST_YB|b00300001|406|50
2014112719:30:04.838959|22987|lua_lib.cpp|41|CAST_YB|b00300001|406|50
2014112719:30:05.258874|22987|lua_lib.cpp|41|CAST_YB|b00300001|406|50
2014112719:30:05.743251|22987|lua_lib.cpp|41|CAST_YB|b00300001|406|50
2014112719:30:06.193516|22987|lua_lib.cpp|41|CAST_YB|b00300001|406|50
2014112719:30:06.642861|22987|lua_lib.cpp|41|CAST_YB|b00300001|406|50
2014112719:30:07.173950|22987|lua_lib.cpp|41|CAST_YB|b00300001|406|50
2014112719:30:07.637786|22987|lua_lib.cpp|41|CAST_YB|b00300001|406|50
2014112719:30:08.125050|22987|lua_lib.cpp|41|CAST_YB|b00300001|406|50
2014112719:30:08.621098|22987|lua_lib.cpp|41|CAST_YB|b00300001|406|50
2014112719:30:09.084027|22987|lua_lib.cpp|41|CAST_YB|b00300001|406|50
2014112719:30:09.532350|22987|lua_lib.cpp|41|CAST_YB|b00300001|406|50
2014112719:30:10.041045|22987|lua_lib.cpp|41|CAST_YB|b00300001|406|50
2014112719:30:10.497098|22987|lua_lib.cpp|41|CAST_YB|b00300001|406|50
2014112719:30:11.012691|22987|lua_lib.cpp|41|CAST_YB|b00300001|406|50
2014112719:30:11.515617|22987|lua_lib.cpp|41|CAST_YB|b00300001|406|50
2014112719:30:12.855440|22987|lua_lib.cpp|41|CAST_YB|b00300001|406|50
2014112719:30:13.568395|22987|lua_lib.cpp|41|CAST_YB|b00300001|406|50
2014112719:30:14.374096|22987|lua_lib.cpp|41|CAST_YB|b00300001|406|50
2014112719:30:16.029237|22987|lua_lib.cpp|41|CAST_YB|b00300001|406|50
2014112719:30:17.239228|22987|lua_lib.cpp|41|CAST_YB|b00300001|406|50
2014112719:30:18.922851|22987|lua_lib.cpp|41|CAST_YB|b00300001|406|50
2014112719:30:21.897351|22987|lua_lib.cpp|41|CAST_YB|b00300001|406|50
2014112719:30:23.183521|22987|lua_lib.cpp|41|CAST_YB|b00300001|406|50
2014112719:30:23.761572|22987|lua_lib.cpp|41|CAST_YB|b00300001|406|50
2014112719:30:30.000440|22987|main_logic.cpp|188|ONLINE|ONLINE|9|end
2014112719:31:31.001475|22987|main_logic.cpp|188|ONLINE|ONLINE|9|end
2014112719:31:50.989447|22987|login.cpp|207|LOGIN|tu81800001|10.10.8.131||18|end
2014112719:31:50.989473|22987|login.cpp|208|DEVICE|tu81800001||||||end
2014112719:32:23.001745|22987|online_cache.cpp|290|LOGOUT|hpp00001|140733193389835|end
2014112719:32:32.001432|22987|main_logic.cpp|188|ONLINE|ONLINE|8|end
2014112719:33:29.104178|22987|login.cpp|207|LOGIN|w10300001|10.10.8.128||1|end
2014112719:33:29.104209|22987|login.cpp|208|DEVICE|w10300001||||||end
2014112719:33:33.001405|22987|main_logic.cpp|188|ONLINE|ONLINE|8|end
2014112719:33:38.811191|22987|lua_lib.cpp|41|GET_YB|w103|405|100
2014112719:33:39.692970|22987|lua_lib.cpp|41|GET_YB|w103|405|50
2014112719:34:17.405343|22987|lua_lib.cpp|41|CAST_YB|w103|406|50
2014112719:34:17.972622|22987|lua_lib.cpp|41|CAST_YB|w103|406|50
2014112719:34:18.447200|22987|lua_lib.cpp|41|CAST_YB|w103|406|50
2014112719:34:34.000461|22987|main_logic.cpp|188|ONLINE|ONLINE|8|end
2014112719:34:46.355068|22987|online_cache.cpp|290|LOGOUT|b003|1417088086|end
2014112719:34:51.225772|22987|login.cpp|207|LOGIN|b00100001|10.10.8.27||3|end
2014112719:34:51.225799|22987|login.cpp|208|DEVICE|b00100001||||||end
2014112719:35:01.959356|22987|lua_lib.cpp|41|GET_GD|b00100001|101|434
2014112719:35:01.959408|22987|lua_lib.cpp|41|GET_PHP|b00100001|3|20
2014112719:35:01.959923|22987|lua_lib.cpp|41|LEVEL_UP|b00100001|3|4
2014112719:35:01.960308|22987|lua_lib.cpp|41|PASS_GQ|b00100001|50020001
2014112719:35:01.960331|22987|lua_lib.cpp|41|CAST_PHP|b00100001|5|6|4|4
2014112719:35:29.112905|22987|lua_lib.cpp|41|GET_GD|b00100001|101|438
2014112719:35:29.113364|22987|lua_lib.cpp|41|PASS_GQ|b00100001|50020002
2014112719:35:29.113389|22987|lua_lib.cpp|41|CAST_PHP|b00100001|5|6|4|4
2014112719:35:35.000446|22987|main_logic.cpp|188|ONLINE|ONLINE|8|end
2014112719:35:51.081014|22987|lua_lib.cpp|41|GET_GD|b00100001|101|440
2014112719:35:51.081577|22987|lua_lib.cpp|41|PASS_GQ|b00100001|50020003
2014112719:35:51.081603|22987|lua_lib.cpp|41|CAST_PHP|b00100001|5|6|4|4
2014112719:35:57.569078|22987|login.cpp|207|LOGIN|new00001|10.10.8.133||24|end
2014112719:35:57.569111|22987|login.cpp|208|DEVICE|new00001||||||end
2014112719:36:04.526911|22987|lua_lib.cpp|41|GET_PHP|new00001|24|60
2014112719:36:14.125546|22987|lua_lib.cpp|41|GET_GD|b00100001|101|488
2014112719:36:14.126259|22987|lua_lib.cpp|41|PASS_GQ|b00100001|50020004
2014112719:36:14.126288|22987|lua_lib.cpp|41|CAST_PHP|b00100001|5|6|4|4
2014112719:36:16.480726|22987|lua_lib.cpp|41|GET_GD|new00001|101|770
2014112719:36:16.481485|22987|lua_lib.cpp|41|PASS_GQ|new00001|400030002
2014112719:36:16.481514|22987|lua_lib.cpp|41|CAST_PHP|new00001|5|12|24|24
2014112719:36:33.589950|22987|lua_lib.cpp|41|GET_GD|new00001|101|788
2014112719:36:33.590975|22987|lua_lib.cpp|41|PASS_GQ|new00001|400030003
2014112719:36:33.591003|22987|lua_lib.cpp|41|CAST_PHP|new00001|5|12|24|24
2014112719:36:34.171899|22987|lua_lib.cpp|41|GET_GD|b00100001|101|443
2014112719:36:34.172505|22987|lua_lib.cpp|41|PASS_GQ|b00100001|50020005
2014112719:36:34.172533|22987|lua_lib.cpp|41|CAST_PHP|b00100001|5|6|4|4
2014112719:36:36.001444|22987|main_logic.cpp|188|ONLINE|ONLINE|9|end
2014112719:36:48.178698|22987|lua_lib.cpp|41|GET_GD|b00100001|101|457
2014112719:36:48.179280|22987|lua_lib.cpp|41|PASS_GQ|b00100001|50020006
2014112719:36:48.179308|22987|lua_lib.cpp|41|CAST_PHP|b00100001|5|6|4|4
2014112719:36:48.478521|22987|lua_lib.cpp|41|GET_GD|new00001|101|827
2014112719:36:48.479404|22987|lua_lib.cpp|41|PASS_GQ|new00001|400030004
2014112719:36:48.479431|22987|lua_lib.cpp|41|CAST_PHP|new00001|5|12|24|24
2014112719:36:56.281644|22987|lua_lib.cpp|41|GET_GD|new00001|101|786
2014112719:36:56.281704|22987|lua_lib.cpp|41|GET_PHP|new00001|3|40
2014112719:36:56.282312|22987|lua_lib.cpp|41|LEVEL_UP|new00001|24|25
2014112719:36:56.282795|22987|lua_lib.cpp|41|PASS_GQ|new00001|400030005
2014112719:36:56.282822|22987|lua_lib.cpp|41|CAST_PHP|new00001|5|12|25|25
2014112719:37:07.073327|22987|lua_lib.cpp|41|GET_GD|b00100001|101|454
2014112719:37:07.073383|22987|lua_lib.cpp|41|GET_PHP|b00100001|3|20
2014112719:37:07.073743|22987|lua_lib.cpp|41|LEVEL_UP|b00100001|4|5
2014112719:37:07.074246|22987|lua_lib.cpp|41|PASS_GQ|b00100001|50020007
2014112719:37:07.074274|22987|lua_lib.cpp|41|CAST_PHP|b00100001|5|6|5|5
2014112719:37:11.767915|22987|lua_lib.cpp|41|GET_GD|new00001|101|840
2014112719:37:11.768539|22987|lua_lib.cpp|41|PASS_GQ|new00001|400030006
2014112719:37:11.768567|22987|lua_lib.cpp|41|CAST_PHP|new00001|5|12|25|25
2014112719:37:22.328913|22987|lua_lib.cpp|41|GET_GD|b00100001|101|508
2014112719:37:22.329343|22987|lua_lib.cpp|41|PASS_GQ|b00100001|50020008
2014112719:37:22.329367|22987|lua_lib.cpp|41|CAST_PHP|b00100001|5|6|5|5
2014112719:37:30.029320|22987|lua_lib.cpp|41|GET_PHP|tu81800001|24|60
2014112719:37:30.793480|22987|lua_lib.cpp|41|GET_GD|new00001|101|797
2014112719:37:30.794531|22987|lua_lib.cpp|41|PASS_GQ|new00001|400030007
2014112719:37:30.794559|22987|lua_lib.cpp|41|CAST_PHP|new00001|5|12|25|25
2014112719:37:37.000483|22987|main_logic.cpp|188|ONLINE|ONLINE|9|end
2014112719:37:42.689146|22987|lua_lib.cpp|41|GET_GD|new00001|101|800
2014112719:37:42.689595|22987|lua_lib.cpp|41|PASS_GQ|new00001|400030008
2014112719:37:42.689777|22987|lua_lib.cpp|41|CAST_PHP|new00001|5|12|25|25
2014112719:37:47.084354|22987|online_cache.cpp|290|LOGOUT|tu818|1417088267|end
2014112719:37:54.624578|22987|lua_lib.cpp|41|GET_GD|new00001|101|822
2014112719:37:54.625385|22987|lua_lib.cpp|41|PASS_GQ|new00001|400030009
2014112719:37:54.625414|22987|lua_lib.cpp|41|CAST_PHP|new00001|5|12|25|25
2014112719:38:00.973033|22987|login.cpp|207|LOGIN|tuser800001|10.10.8.131||77|end
2014112719:38:00.973071|22987|login.cpp|208|DEVICE|tuser800001||||||end
2014112719:38:07.110799|22987|lua_lib.cpp|41|GET_GD|new00001|101|876
2014112719:38:07.111480|22987|lua_lib.cpp|41|PASS_GQ|new00001|400030010
2014112719:38:07.111509|22987|lua_lib.cpp|41|CAST_PHP|new00001|5|12|25|25
2014112719:38:10.668328|22987|lua_lib.cpp|41|GET_GD|b00100001|101|515
2014112719:38:10.668966|22987|lua_lib.cpp|41|PASS_GQ|b00100001|50170001
2014112719:38:10.668995|22987|lua_lib.cpp|41|CAST_PHP|b00100001|5|6|5|5
2014112719:38:30.976225|22987|lua_lib.cpp|41|GET_GD|b00100001|101|513
2014112719:38:30.976697|22987|lua_lib.cpp|41|PASS_GQ|b00100001|50170002
2014112719:38:30.976721|22987|lua_lib.cpp|41|CAST_PHP|b00100001|5|6|5|5
2014112719:38:37.177387|22987|lua_lib.cpp|41|GET_GD|new00001|101|821
2014112719:38:37.177990|22987|lua_lib.cpp|41|PASS_GQ|new00001|400040001
2014112719:38:37.178139|22987|lua_lib.cpp|41|CAST_PHP|new00001|5|12|25|25
2014112719:38:38.000479|22987|main_logic.cpp|188|ONLINE|ONLINE|10|end
2014112719:38:48.606822|22987|lua_lib.cpp|41|GET_GD|new00001|101|831
2014112719:38:48.607465|22987|lua_lib.cpp|41|PASS_GQ|new00001|400040002
2014112719:38:48.607490|22987|lua_lib.cpp|41|CAST_PHP|new00001|5|12|25|25
2014112719:38:58.695649|22987|lua_lib.cpp|41|CAST_PHP|b00100001|5|1|5|5
2014112719:39:27.153287|22987|lua_lib.cpp|41|CAST_GD|b00100001|30|50
2014112719:39:27.153357|22987|lua_lib.cpp|41|CAST_ITEM|b00100001|30|193010004|1
2014112719:39:30.167807|22987|lua_lib.cpp|41|CAST_GD|b00100001|30|60
2014112719:39:30.167865|22987|lua_lib.cpp|41|CAST_ITEM|b00100001|30|193010004|1
2014112719:39:32.015903|22987|lua_lib.cpp|41|GET_YB|new00001|23|10
2014112719:39:32.485971|22987|online_cache.cpp|290|LOGOUT|w103|1417088372|end
2014112719:39:38.335937|22987|lua_lib.cpp|41|GET_YB|new00001|301|496
2014112719:39:39.001430|22987|main_logic.cpp|188|ONLINE|ONLINE|10|end
2014112719:39:39.453888|22987|lua_lib.cpp|41|GET_YB|new00001|301|496
2014112719:39:40.569136|22987|lua_lib.cpp|41|GET_YB|new00001|301|495
2014112719:39:55.758090|22987|online_cache.cpp|290|LOGOUT|new|1417088395|end
2014112719:40:40.001449|22987|main_logic.cpp|188|ONLINE|ONLINE|10|end
2014112719:40:56.094042|22987|online_cache.cpp|290|LOGOUT|tuser8|1417088456|end
2014112719:40:57.488795|22987|lua_lib.cpp|41|CAST_GD|b00100001|30|2780
2014112719:40:57.488846|22987|lua_lib.cpp|41|CAST_ITEM|b00100001|30|193010004|4
2014112719:41:41.001458|22987|main_logic.cpp|188|ONLINE|ONLINE|10|end
2014112719:41:43.889499|22987|lua_lib.cpp|41|GET_PHP|new00001|0|9999
2014112719:41:47.279949|22987|lua_lib.cpp|41|CAST_GD|b00100001|30|790
2014112719:41:47.280009|22987|lua_lib.cpp|41|CAST_ITEM|b00100001|30|193010004|4
2014112719:42:05.830363|22987|login.cpp|207|LOGIN|new00001|10.10.8.133||25|end
2014112719:42:05.830398|22987|login.cpp|208|DEVICE|new00001||||||end
2014112719:42:15.294441|22987|lua_lib.cpp|41|GET_GD|new00001|101|830
2014112719:42:15.295072|22987|lua_lib.cpp|41|PASS_GQ|new00001|400040003
2014112719:42:15.295103|22987|lua_lib.cpp|41|CAST_PHP|new00001|5|12|25|25
2014112719:42:15.493587|22987|lua_lib.cpp|41|GET_GD|b00100001|101|525
2014112719:42:15.494214|22987|lua_lib.cpp|41|PASS_GQ|b00100001|50170003
2014112719:42:15.494245|22987|lua_lib.cpp|41|CAST_PHP|b00100001|5|6|5|5
2014112719:42:36.414332|22987|lua_lib.cpp|41|GET_GD|new00001|101|912
2014112719:42:36.415164|22987|lua_lib.cpp|41|PASS_GQ|new00001|400040004
2014112719:42:36.415192|22987|lua_lib.cpp|41|CAST_PHP|new00001|5|12|25|25
2014112719:42:42.000489|22987|main_logic.cpp|188|ONLINE|ONLINE|10|end
2014112719:42:48.763803|22987|lua_lib.cpp|41|GET_GD|new00001|101|846
2014112719:42:48.764619|22987|lua_lib.cpp|41|PASS_GQ|new00001|400040005
2014112719:42:48.764647|22987|lua_lib.cpp|41|CAST_PHP|new00001|5|12|25|25
2014112719:42:57.533356|22987|lua_lib.cpp|41|GET_GD|new00001|101|854
2014112719:42:57.533882|22987|lua_lib.cpp|41|PASS_GQ|new00001|400040006
2014112719:42:57.533908|22987|lua_lib.cpp|41|CAST_PHP|new00001|5|12|25|25
2014112719:43:12.224101|22987|lua_lib.cpp|41|GET_GD|new00001|101|866
2014112719:43:12.225007|22987|lua_lib.cpp|41|PASS_GQ|new00001|400040007
2014112719:43:12.225033|22987|lua_lib.cpp|41|CAST_PHP|new00001|5|12|25|25
2014112719:43:17.155758|22987|lua_lib.cpp|41|GET_GD|b00100001|101|551
2014112719:43:17.156358|22987|lua_lib.cpp|41|PASS_GQ|b00100001|50170004
2014112719:43:17.156389|22987|lua_lib.cpp|41|CAST_PHP|b00100001|5|6|5|5
2014112719:43:28.946259|22987|lua_lib.cpp|41|GET_GD|new00001|101|857
2014112719:43:28.947012|22987|lua_lib.cpp|41|PASS_GQ|new00001|400040008
2014112719:43:28.947041|22987|lua_lib.cpp|41|CAST_PHP|new00001|5|12|25|25
2014112719:43:43.000431|22987|main_logic.cpp|188|ONLINE|ONLINE|10|end
2014112719:43:57.914082|22987|lua_lib.cpp|41|GET_GD|new00001|101|876
2014112719:43:57.914796|22987|lua_lib.cpp|41|PASS_GQ|new00001|400040009
2014112719:43:57.914821|22987|lua_lib.cpp|41|CAST_PHP|new00001|5|12|25|25
2014112719:44:11.009083|22987|lua_lib.cpp|41|GET_GD|new00001|101|924
2014112719:44:11.010007|22987|lua_lib.cpp|41|PASS_GQ|new00001|400040010
2014112719:44:11.010036|22987|lua_lib.cpp|41|CAST_PHP|new00001|5|12|25|25
2014112719:44:19.848953|22987|lua_lib.cpp|41|GET_GD|b00100001|101|524
2014112719:44:19.849026|22987|lua_lib.cpp|41|GET_PHP|b00100001|3|25
2014112719:44:19.849496|22987|lua_lib.cpp|41|LEVEL_UP|b00100001|5|6
2014112719:44:19.849920|22987|lua_lib.cpp|41|PASS_GQ|b00100001|50170005
2014112719:44:19.849943|22987|lua_lib.cpp|41|CAST_PHP|b00100001|5|6|6|6
2014112719:44:36.178062|22987|lua_lib.cpp|41|GET_GD|b00100001|101|560
2014112719:44:36.178702|22987|lua_lib.cpp|41|PASS_GQ|b00100001|50170006
2014112719:44:36.178731|22987|lua_lib.cpp|41|CAST_PHP|b00100001|5|6|6|6
2014112719:44:43.985230|22987|lua_lib.cpp|41|GET_GD|new00001|101|897
2014112719:44:43.985290|22987|lua_lib.cpp|41|GET_PHP|new00001|3|40
2014112719:44:43.985882|22987|lua_lib.cpp|41|LEVEL_UP|new00001|25|26
2014112719:44:43.986281|22987|lua_lib.cpp|41|PASS_GQ|new00001|400050001
2014112719:44:43.986304|22987|lua_lib.cpp|41|CAST_PHP|new00001|5|12|26|26
2014112719:44:44.003399|22987|main_logic.cpp|188|ONLINE|ONLINE|10|end
2014112719:44:57.078536|22987|lua_lib.cpp|41|GET_GD|new00001|101|890
2014112719:44:57.080048|22987|lua_lib.cpp|41|PASS_GQ|new00001|400050002
2014112719:44:57.080078|22987|lua_lib.cpp|41|CAST_PHP|new00001|5|12|26|26
2014112719:44:57.827718|22987|lua_lib.cpp|41|GET_GD|b00100001|101|531
2014112719:44:57.828529|22987|lua_lib.cpp|41|PASS_GQ|b00100001|50170007
2014112719:44:57.828559|22987|lua_lib.cpp|41|CAST_PHP|b00100001|5|6|6|6
2014112719:45:11.086898|22987|lua_lib.cpp|41|GET_GD|new00001|101|947
2014112719:45:11.087435|22987|lua_lib.cpp|41|PASS_GQ|new00001|400050003
2014112719:45:11.087464|22987|lua_lib.cpp|41|CAST_PHP|new00001|5|12|26|26
2014112719:45:45.000530|22987|main_logic.cpp|188|ONLINE|ONLINE|10|end
2014112719:45:48.496282|22987|lua_lib.cpp|41|GET_GD|new00001|101|914
2014112719:45:48.496931|22987|lua_lib.cpp|41|PASS_GQ|new00001|400050004
2014112719:45:48.496961|22987|lua_lib.cpp|41|CAST_PHP|new00001|5|12|26|26
2014112719:46:03.042280|22987|lua_lib.cpp|41|GET_GD|new00001|101|905
2014112719:46:03.043079|22987|lua_lib.cpp|41|PASS_GQ|new00001|400050005
2014112719:46:03.043198|22987|lua_lib.cpp|41|CAST_PHP|new00001|5|12|26|26
2014112719:46:19.957354|22987|lua_lib.cpp|41|GET_GD|new00001|101|933
2014112719:46:19.957930|22987|lua_lib.cpp|41|PASS_GQ|new00001|400050006
2014112719:46:19.957958|22987|lua_lib.cpp|41|CAST_PHP|new00001|5|12|26|26
2014112719:46:46.000455|22987|main_logic.cpp|188|ONLINE|ONLINE|10|end
2014112719:46:46.572150|22987|lua_lib.cpp|41|GET_GD|new00001|101|933
2014112719:46:46.572844|22987|lua_lib.cpp|41|PASS_GQ|new00001|400050006
2014112719:46:46.572874|22987|lua_lib.cpp|41|CAST_PHP|new00001|5|12|26|26
2014112719:47:47.001435|22987|main_logic.cpp|188|ONLINE|ONLINE|10|end
2014112719:48:48.001502|22987|main_logic.cpp|188|ONLINE|ONLINE|10|end
2014112719:49:49.000463|22987|main_logic.cpp|188|ONLINE|ONLINE|10|end
2014112719:50:50.000536|22987|main_logic.cpp|188|ONLINE|ONLINE|10|end
2014112719:51:51.000527|22987|main_logic.cpp|188|ONLINE|ONLINE|10|end
2014112719:52:41.179055|22987|lua_lib.cpp|41|GET_GD|new00001|101|978
2014112719:52:41.179708|22987|lua_lib.cpp|41|PASS_GQ|new00001|400050007
2014112719:52:41.179739|22987|lua_lib.cpp|41|CAST_PHP|new00001|5|12|26|26
2014112719:52:52.000490|22987|main_logic.cpp|188|ONLINE|ONLINE|10|end
2014112719:52:55.846642|22987|lua_lib.cpp|41|GET_GD|new00001|101|939
2014112719:52:55.847326|22987|lua_lib.cpp|41|PASS_GQ|new00001|400050008
2014112719:52:55.847355|22987|lua_lib.cpp|41|CAST_PHP|new00001|5|12|26|26
2014112719:53:06.324262|22987|lua_lib.cpp|41|GET_GD|new00001|101|966
2014112719:53:06.325108|22987|lua_lib.cpp|41|PASS_GQ|new00001|400050009
2014112719:53:06.325138|22987|lua_lib.cpp|41|CAST_PHP|new00001|5|12|26|26
